Using pre-set license
Built from '2020.3/staging' branch; Version is '2020.3.33f1 (915a7af8b0d5) revision 9525882'; Using compiler version '192528614'; Build Type 'Release'
OS: 'Windows 10  (10.0.19045) 64bit Professional' Language: 'en' Physical Memory: 16298 MB
BatchMode: 1, IsHumanControllingUs: 0, StartBugReporterOnCrash: 0, Is64bit: 1, IsPro: 0

COMMAND LINE ARGUMENTS:
C:\Program Files\Unity\Hub\Editor\2020.3.33f1\Editor\Unity.exe
-adb2
-batchMode
-noUpm
-name
AssetImportWorker0
-projectPath
D:/git/project-optimization-unity3d
-logFile
Logs/AssetImportWorker0.log
-srvPort
58348
Successfully changed project path to: D:/git/project-optimization-unity3d
D:/git/project-optimization-unity3d
Using Asset Import Pipeline V2.
Refreshing native plugins compatible for Editor in 63.40 ms, found 2 plugins.
Preloading 0 native plugins for Editor in 0.00 ms.
Initialize engine version: 2020.3.33f1 (915a7af8b0d5)
[Subsystems] Discovering subsystems at path C:/Program Files/Unity/Hub/Editor/2020.3.33f1/Editor/Data/Resources/UnitySubsystems
[Subsystems] Discovering subsystems at path D:/git/project-optimization-unity3d/Assets
GfxDevice: creating device client; threaded=0
Direct3D:
    Version:  Direct3D 11.0 [level 11.1]
    Renderer: NVIDIA GeForce GTX 1660 Ti (ID=0x2182)
    Vendor:   
    VRAM:     5966 MB
    Driver:   32.0.15.6636
Initialize mono
Mono path[0] = 'C:/Program Files/Unity/Hub/Editor/2020.3.33f1/Editor/Data/Managed'
Mono path[1] = 'C:/Program Files/Unity/Hub/Editor/2020.3.33f1/Editor/Data/MonoBleedingEdge/lib/mono/unityjit'
Mono config path = 'C:/Program Files/Unity/Hub/Editor/2020.3.33f1/Editor/Data/MonoBleedingEdge/etc'
Using monoOptions --debugger-agent=transport=dt_socket,embedding=1,server=y,suspend=n,address=127.0.0.1:56200
Begin MonoManager ReloadAssembly
Registering precompiled unity dll's ...
Register platform support module: C:/Program Files/Unity/Hub/Editor/2020.3.33f1/Editor/Data/PlaybackEngines/WindowsStandaloneSupport/UnityEditor.WindowsStandalone.Extensions.dll
Registered in 0.003711 seconds.
Native extension for WindowsStandalone target not found
Refreshing native plugins compatible for Editor in 61.21 ms, found 2 plugins.
Preloading 0 native plugins for Editor in 0.00 ms.
Mono: successfully reloaded assembly
- Completed reload, in  0.838 seconds
Domain Reload Profiling:
	ReloadAssembly (838ms)
		BeginReloadAssembly (98ms)
			ExecutionOrderSort (0ms)
			DisableScriptedObjects (0ms)
			BackupInstance (0ms)
			ReleaseScriptingObjects (0ms)
			CreateAndSetChildDomain (1ms)
		EndReloadAssembly (633ms)
			LoadAssemblies (93ms)
			RebuildTransferFunctionScriptingTraits (0ms)
			SetupTypeCache (201ms)
			ReleaseScriptCaches (0ms)
			RebuildScriptCaches (39ms)
			SetupLoadedEditorAssemblies (235ms)
				LogAssemblyErrors (0ms)
				InitializePlatformSupportModulesInManaged (6ms)
				SetLoadedEditorAssemblies (0ms)
				RefreshPlugins (61ms)
				BeforeProcessingInitializeOnLoad (23ms)
				ProcessInitializeOnLoadAttributes (107ms)
				ProcessInitializeOnLoadMethodAttributes (37ms)
				AfterProcessingInitializeOnLoad (0ms)
				EditorAssembliesLoaded (0ms)
			ExecutionOrderSort2 (0ms)
			AwakeInstancesAfterBackupRestoration (0ms)
Platform modules already initialized, skipping
Registering precompiled user dll's ...
Registered in 0.003025 seconds.
Begin MonoManager ReloadAssembly
Symbol file LoadedFromMemory doesn't match image D:\git\project-optimization-unity3d\Library\PackageCache\com.unity.collab-proxy@1.15.15\Lib\Editor\PlasticSCM\unityplastic.dll
Native extension for WindowsStandalone target not found
Refreshing native plugins compatible for Editor in 0.60 ms, found 2 plugins.
Preloading 0 native plugins for Editor in 0.00 ms.
Mono: successfully reloaded assembly
- Completed reload, in  1.371 seconds
Domain Reload Profiling:
	ReloadAssembly (1372ms)
		BeginReloadAssembly (223ms)
			ExecutionOrderSort (0ms)
			DisableScriptedObjects (7ms)
			BackupInstance (0ms)
			ReleaseScriptingObjects (0ms)
			CreateAndSetChildDomain (24ms)
		EndReloadAssembly (1059ms)
			LoadAssemblies (133ms)
			RebuildTransferFunctionScriptingTraits (0ms)
			SetupTypeCache (352ms)
			ReleaseScriptCaches (1ms)
			RebuildScriptCaches (55ms)
			SetupLoadedEditorAssemblies (418ms)
				LogAssemblyErrors (0ms)
				InitializePlatformSupportModulesInManaged (6ms)
				SetLoadedEditorAssemblies (1ms)
				RefreshPlugins (1ms)
				BeforeProcessingInitializeOnLoad (112ms)
				ProcessInitializeOnLoadAttributes (272ms)
				ProcessInitializeOnLoadMethodAttributes (12ms)
				AfterProcessingInitializeOnLoad (14ms)
				EditorAssembliesLoaded (0ms)
			ExecutionOrderSort2 (0ms)
			AwakeInstancesAfterBackupRestoration (8ms)
Platform modules already initialized, skipping
========================================================================
Worker process is ready to serve import requests
Launched and connected shader compiler UnityShaderCompiler.exe after 0.09 seconds
Refreshing native plugins compatible for Editor in 0.93 ms, found 2 plugins.
Preloading 0 native plugins for Editor in 0.00 ms.
Unloading 1515 Unused Serialized files (Serialized files now loaded: 0)
System memory in use before: 70.5 MB.
System memory in use after: 70.5 MB.

Unloading 16 unused Assets to reduce memory usage. Loaded Objects now: 1951.
Total: 3.851000 ms (FindLiveObjects: 0.162600 ms CreateObjectMapping: 0.052800 ms MarkObjects: 3.551100 ms  DeleteObjects: 0.083500 ms)

AssetImportParameters requested are different than current active one (requested -> active):
  custom:framework-win-MediaFoundation: 216162199b28c13a410421893ffa2e32 -> 
  custom:video-decoder-ogg-theora: a1e56fd34408186e4bbccfd4996cb3dc -> 
  custom:container-muxer-webm: aa71ff27fc2769a1b78a27578f13a17b -> 
  custom:container-demuxer-webm: 4f35f7cbe854078d1ac9338744f61a02 -> 
  custom:container-demuxer-ogg: 62fdf1f143b41e24485cea50d1cbac27 -> 
  custom:video-encoder-webm-vp8: eb34c28f22e8b96e1ab97ce403110664 -> 
  custom:video-decoder-webm-vp8: 9c59270c3fd7afecdb556c50c9e8de78 -> 
  custom:audio-decoder-ogg-vorbis: bf7c407c2cedff20999df2af8eb42d56 -> 
  custom:audio-encoder-webm-vorbis: bf7c407c2cedff20999df2af8eb42d56 -> 
========================================================================
Received Import Request.
  path: Assets/Scenes/ObjectPoolingScene.unity
  artifactKey: Guid(08fb6fdd7f7d4c342b1674cd20b87fa9) Importer(815301076,1909f56bfc062723c751e8b465ee728b)
Start importing Assets/Scenes/ObjectPoolingScene.unity using Guid(08fb6fdd7f7d4c342b1674cd20b87fa9) Importer(815301076,1909f56bfc062723c751e8b465ee728b)  -> (artifact id: 'e769243b6cbcc83f2eb20c97681db49e') in 0.013384 seconds 
========================================================================
Received Import Request.
  Time since last request: 59.903432 seconds.
  path: Assets/New Terrain.asset
  artifactKey: Guid(1c7974ecd19fef84291e98c14a747e3a) Importer(815301076,1909f56bfc062723c751e8b465ee728b)
Start importing Assets/New Terrain.asset using Guid(1c7974ecd19fef84291e98c14a747e3a) Importer(815301076,1909f56bfc062723c751e8b465ee728b)  -> (artifact id: 'ab7537cbccce356f21740e785328cf44') in 0.075046 seconds 
========================================================================
Received Import Request.
  Time since last request: 10.770869 seconds.
  path: Packages/com.unity.ext.nunit
  artifactKey: Guid(25a477c2f24db8778a4179421a32cc21) Importer(815301076,1909f56bfc062723c751e8b465ee728b)
Start importing Packages/com.unity.ext.nunit using Guid(25a477c2f24db8778a4179421a32cc21) Importer(815301076,1909f56bfc062723c751e8b465ee728b)  -> (artifact id: 'de8b3f671dc9f0a57b867a67d4aae8de') in 0.013062 seconds 
========================================================================
Received Import Request.
  Time since last request: 0.335851 seconds.
  path: Packages/com.unity.services.core
  artifactKey: Guid(3c952e89bf6b2a98a63dad340d4211e2) Importer(815301076,1909f56bfc062723c751e8b465ee728b)
Start importing Packages/com.unity.services.core using Guid(3c952e89bf6b2a98a63dad340d4211e2) Importer(815301076,1909f56bfc062723c751e8b465ee728b)  -> (artifact id: '18edced15c1d57d4f2bccd26a466dc71') in 0.011315 seconds 
========================================================================
Received Import Request.
  Time since last request: 0.383363 seconds.
  path: Packages/com.unity.textmeshpro
  artifactKey: Guid(cabaa672b0e3ee91fa7b6da4daab7970) Importer(815301076,1909f56bfc062723c751e8b465ee728b)
Start importing Packages/com.unity.textmeshpro using Guid(cabaa672b0e3ee91fa7b6da4daab7970) Importer(815301076,1909f56bfc062723c751e8b465ee728b)  -> (artifact id: '169a733f15e62358392572f7d3dbae7f') in 0.010970 seconds 
========================================================================
Received Import Request.
  Time since last request: 1.463216 seconds.
  path: Packages/com.unity.timeline
  artifactKey: Guid(a4610cf559d77b9f256416d9ccaeac55) Importer(815301076,1909f56bfc062723c751e8b465ee728b)
Start importing Packages/com.unity.timeline using Guid(a4610cf559d77b9f256416d9ccaeac55) Importer(815301076,1909f56bfc062723c751e8b465ee728b)  -> (artifact id: 'faf0c4e2b16555589375b70b30cdb036') in 0.010773 seconds 
========================================================================
Received Import Request.
  Time since last request: 0.286411 seconds.
  path: Packages/com.unity.test-framework
  artifactKey: Guid(6023f2b823fc19b4e4a90875281ff117) Importer(815301076,1909f56bfc062723c751e8b465ee728b)
Start importing Packages/com.unity.test-framework using Guid(6023f2b823fc19b4e4a90875281ff117) Importer(815301076,1909f56bfc062723c751e8b465ee728b)  -> (artifact id: '7b3fecfc8d873fe96244889d860a7252') in 0.010985 seconds 
========================================================================
Received Prepare
Registering precompiled user dll's ...
Registered in 0.003588 seconds.
Begin MonoManager ReloadAssembly
Symbol file LoadedFromMemory doesn't match image D:\git\project-optimization-unity3d\Library\PackageCache\com.unity.collab-proxy@1.15.15\Lib\Editor\PlasticSCM\unityplastic.dll
Native extension for WindowsStandalone target not found
Refreshing native plugins compatible for Editor in 2.28 ms, found 2 plugins.
Preloading 0 native plugins for Editor in 0.00 ms.
Mono: successfully reloaded assembly
- Completed reload, in  1.409 seconds
Domain Reload Profiling:
	ReloadAssembly (1410ms)
		BeginReloadAssembly (156ms)
			ExecutionOrderSort (0ms)
			DisableScriptedObjects (5ms)
			BackupInstance (0ms)
			ReleaseScriptingObjects (0ms)
			CreateAndSetChildDomain (38ms)
		EndReloadAssembly (1161ms)
			LoadAssemblies (144ms)
			RebuildTransferFunctionScriptingTraits (0ms)
			SetupTypeCache (369ms)
			ReleaseScriptCaches (1ms)
			RebuildScriptCaches (59ms)
			SetupLoadedEditorAssemblies (467ms)
				LogAssemblyErrors (0ms)
				InitializePlatformSupportModulesInManaged (8ms)
				SetLoadedEditorAssemblies (1ms)
				RefreshPlugins (2ms)
				BeforeProcessingInitializeOnLoad (121ms)
				ProcessInitializeOnLoadAttributes (308ms)
				ProcessInitializeOnLoadMethodAttributes (13ms)
				AfterProcessingInitializeOnLoad (15ms)
				EditorAssembliesLoaded (0ms)
			ExecutionOrderSort2 (0ms)
			AwakeInstancesAfterBackupRestoration (11ms)
Platform modules already initialized, skipping
Refreshing native plugins compatible for Editor in 1.56 ms, found 2 plugins.
Preloading 0 native plugins for Editor in 0.00 ms.
Unloading 1511 Unused Serialized files (Serialized files now loaded: 0)
System memory in use before: 77.0 MB.
System memory in use after: 76.6 MB.

Unloading 13 unused Assets to reduce memory usage. Loaded Objects now: 1958.
Total: 4.169500 ms (FindLiveObjects: 0.184200 ms CreateObjectMapping: 0.051800 ms MarkObjects: 3.497700 ms  DeleteObjects: 0.434800 ms)

AssetImportParameters requested are different than current active one (requested -> active):
  custom:framework-win-MediaFoundation: 216162199b28c13a410421893ffa2e32 -> 
  custom:video-decoder-ogg-theora: a1e56fd34408186e4bbccfd4996cb3dc -> 
  custom:container-muxer-webm: aa71ff27fc2769a1b78a27578f13a17b -> 
  custom:container-demuxer-webm: 4f35f7cbe854078d1ac9338744f61a02 -> 
  custom:container-demuxer-ogg: 62fdf1f143b41e24485cea50d1cbac27 -> 
  custom:video-encoder-webm-vp8: eb34c28f22e8b96e1ab97ce403110664 -> 
  custom:video-decoder-webm-vp8: 9c59270c3fd7afecdb556c50c9e8de78 -> 
  custom:audio-decoder-ogg-vorbis: bf7c407c2cedff20999df2af8eb42d56 -> 
  custom:audio-encoder-webm-vorbis: bf7c407c2cedff20999df2af8eb42d56 -> 
========================================================================
Received Import Request.
  Time since last request: 2206.183578 seconds.
  path: Assets/Low Poly Modular Terrain Pack
  artifactKey: Guid(b55d490ab2b733d41a8938b947820b85) Importer(815301076,1909f56bfc062723c751e8b465ee728b)
Start importing Assets/Low Poly Modular Terrain Pack using Guid(b55d490ab2b733d41a8938b947820b85) Importer(815301076,1909f56bfc062723c751e8b465ee728b)  -> (artifact id: '91ccfa0d1ff2b16cff7678416da8b71e') in 0.016142 seconds 
========================================================================
Received Import Request.
  Time since last request: 2.120311 seconds.
  path: Assets/Low Poly Modular Terrain Pack/Demo
  artifactKey: Guid(975d73f2e62b98343a395eef02f46750) Importer(815301076,1909f56bfc062723c751e8b465ee728b)
Start importing Assets/Low Poly Modular Terrain Pack/Demo using Guid(975d73f2e62b98343a395eef02f46750) Importer(815301076,1909f56bfc062723c751e8b465ee728b)  -> (artifact id: 'eb0fa1515bc109aff2322a5ca978413d') in 0.011733 seconds 
========================================================================
Received Import Request.
  Time since last request: 0.909554 seconds.
  path: Assets/Low Poly Modular Terrain Pack/Terrain_Assets
  artifactKey: Guid(6f2139c26a6e20c429ae0e97cc6611fe) Importer(815301076,1909f56bfc062723c751e8b465ee728b)
Start importing Assets/Low Poly Modular Terrain Pack/Terrain_Assets using Guid(6f2139c26a6e20c429ae0e97cc6611fe) Importer(815301076,1909f56bfc062723c751e8b465ee728b)  -> (artifact id: '3eebd1e5e35eab32c704cdf42ee18732') in 0.012200 seconds 
========================================================================
Received Import Request.
  Time since last request: 1.470258 seconds.
  path: Assets/Low Poly Modular Terrain Pack/Terrain_Assets/Materials
  artifactKey: Guid(d979bc7a6dd5b904196c24422ded7433) Importer(815301076,1909f56bfc062723c751e8b465ee728b)
Start importing Assets/Low Poly Modular Terrain Pack/Terrain_Assets/Materials using Guid(d979bc7a6dd5b904196c24422ded7433) Importer(815301076,1909f56bfc062723c751e8b465ee728b)  -> (artifact id: '1067d035e3ad360f2ac1def1538041e5') in 0.011013 seconds 
========================================================================
Received Import Request.
  Time since last request: 5.256327 seconds.
  path: Assets/Low Poly Modular Terrain Pack/Terrain_Assets/Meshes/Islands
  artifactKey: Guid(c4ffcc29d73ef5f4d8c89b5b7a91a540) Importer(815301076,1909f56bfc062723c751e8b465ee728b)
Start importing Assets/Low Poly Modular Terrain Pack/Terrain_Assets/Meshes/Islands using Guid(c4ffcc29d73ef5f4d8c89b5b7a91a540) Importer(815301076,1909f56bfc062723c751e8b465ee728b)  -> (artifact id: '1ced11782f5d0355ba0c44c66f75da02') in 0.011201 seconds 
========================================================================
Received Import Request.
  Time since last request: 1.314256 seconds.
  path: Assets/Low Poly Modular Terrain Pack/Terrain_Assets/Meshes/Mountains
  artifactKey: Guid(16fc932749495e2418041a75b1d070ae) Importer(815301076,1909f56bfc062723c751e8b465ee728b)
Start importing Assets/Low Poly Modular Terrain Pack/Terrain_Assets/Meshes/Mountains using Guid(16fc932749495e2418041a75b1d070ae) Importer(815301076,1909f56bfc062723c751e8b465ee728b)  -> (artifact id: '29c24cbf214d06127d1388b248ba121f') in 0.010746 seconds 
========================================================================
Received Import Request.
  Time since last request: 0.724186 seconds.
  path: Assets/Low Poly Modular Terrain Pack/Terrain_Assets/Meshes/River
  artifactKey: Guid(1cc6e744ca1822643a3399e97d9d0e43) Importer(815301076,1909f56bfc062723c751e8b465ee728b)
Start importing Assets/Low Poly Modular Terrain Pack/Terrain_Assets/Meshes/River using Guid(1cc6e744ca1822643a3399e97d9d0e43) Importer(815301076,1909f56bfc062723c751e8b465ee728b)  -> (artifact id: 'c2c14ca9dd2f9284a0821672c5f30bf9') in 0.012998 seconds 
========================================================================
Received Import Request.
  Time since last request: 0.368803 seconds.
  path: Assets/Low Poly Modular Terrain Pack/Terrain_Assets/Meshes/Terrain
  artifactKey: Guid(13ca21d2a88fa734081ded4cff716219) Importer(815301076,1909f56bfc062723c751e8b465ee728b)
Start importing Assets/Low Poly Modular Terrain Pack/Terrain_Assets/Meshes/Terrain using Guid(13ca21d2a88fa734081ded4cff716219) Importer(815301076,1909f56bfc062723c751e8b465ee728b)  -> (artifact id: '057374c7a692a0f27689071aa589337e') in 0.011650 seconds 
========================================================================
Received Import Request.
  Time since last request: 2.338237 seconds.
  path: Assets/Low Poly Modular Terrain Pack/Terrain_Assets/Meshes/Terrain/U_Terrain_Data
  artifactKey: Guid(2df1aff628eb4bc4f9c150cfb08e1c46) Importer(815301076,1909f56bfc062723c751e8b465ee728b)
Start importing Assets/Low Poly Modular Terrain Pack/Terrain_Assets/Meshes/Terrain/U_Terrain_Data using Guid(2df1aff628eb4bc4f9c150cfb08e1c46) Importer(815301076,1909f56bfc062723c751e8b465ee728b)  -> (artifact id: 'fbed15cb66cfc83d2d786cfda0b87ce6') in 0.011705 seconds 
========================================================================
Received Import Request.
  Time since last request: 1.893085 seconds.
  path: Assets/Low Poly Modular Terrain Pack/Terrain_Assets/Meshes/Terrain/U_Terrain_Data/U_Terrain_L_a_01.asset
  artifactKey: Guid(00c13a94778320c44a485bf076821488) Importer(815301076,1909f56bfc062723c751e8b465ee728b)
Start importing Assets/Low Poly Modular Terrain Pack/Terrain_Assets/Meshes/Terrain/U_Terrain_Data/U_Terrain_L_a_01.asset using Guid(00c13a94778320c44a485bf076821488) Importer(815301076,1909f56bfc062723c751e8b465ee728b)  -> (artifact id: 'af83e2062499758cf6c4e57b5147f6e9') in 0.184781 seconds 
========================================================================
Received Import Request.
  Time since last request: 9.931057 seconds.
  path: Assets/Low Poly Modular Terrain Pack/Terrain_Assets/Meshes/Terrain/U_Terrain_Data/U_Terrain_L_a_02.asset
  artifactKey: Guid(7fa9779f6fe6ea248b4400316ce35748) Importer(815301076,1909f56bfc062723c751e8b465ee728b)
Start importing Assets/Low Poly Modular Terrain Pack/Terrain_Assets/Meshes/Terrain/U_Terrain_Data/U_Terrain_L_a_02.asset using Guid(7fa9779f6fe6ea248b4400316ce35748) Importer(815301076,1909f56bfc062723c751e8b465ee728b)  -> (artifact id: '1d67c11bfee760a02d62756dce8a3dae') in 0.164205 seconds 
========================================================================
Received Import Request.
  Time since last request: 9.604085 seconds.
  path: Assets/Low Poly Modular Terrain Pack/Additional_Files
  artifactKey: Guid(36f5beb3ca6ad3e4c8c1f09e01e83c8c) Importer(815301076,1909f56bfc062723c751e8b465ee728b)
Start importing Assets/Low Poly Modular Terrain Pack/Additional_Files using Guid(36f5beb3ca6ad3e4c8c1f09e01e83c8c) Importer(815301076,1909f56bfc062723c751e8b465ee728b)  -> (artifact id: 'cab59bb6d52eb78254acb87f868873cf') in 0.011404 seconds 
========================================================================
Received Import Request.
  Time since last request: 0.750412 seconds.
  path: Assets/Low Poly Modular Terrain Pack/Bonus_Assets
  artifactKey: Guid(4ca47eeb125c8734c9a316cc2653f9f4) Importer(815301076,1909f56bfc062723c751e8b465ee728b)
Start importing Assets/Low Poly Modular Terrain Pack/Bonus_Assets using Guid(4ca47eeb125c8734c9a316cc2653f9f4) Importer(815301076,1909f56bfc062723c751e8b465ee728b)  -> (artifact id: '5f2c82bc4dd61315d2a1d3e1590fabd3') in 0.010703 seconds 
========================================================================
Received Import Request.
  Time since last request: 4.355865 seconds.
  path: Assets/Low Poly Modular Terrain Pack/Bonus_Assets/Prefabs/Clouds/Cloud_01.prefab
  artifactKey: Guid(248f8272187dcc448a9d3c979531398f) Importer(815301076,1909f56bfc062723c751e8b465ee728b)
Start importing Assets/Low Poly Modular Terrain Pack/Bonus_Assets/Prefabs/Clouds/Cloud_01.prefab using Guid(248f8272187dcc448a9d3c979531398f) Importer(815301076,1909f56bfc062723c751e8b465ee728b)  -> (artifact id: '59eb4d5992439ad2032b1ad9ee7891e7') in 0.406317 seconds 
========================================================================
Received Import Request.
  Time since last request: 1.257947 seconds.
  path: Assets/Low Poly Modular Terrain Pack/Bonus_Assets/Prefabs/Clouds/Cloud_02.prefab
  artifactKey: Guid(98c20755924aa5d499600058295661ee) Importer(815301076,1909f56bfc062723c751e8b465ee728b)
Start importing Assets/Low Poly Modular Terrain Pack/Bonus_Assets/Prefabs/Clouds/Cloud_02.prefab using Guid(98c20755924aa5d499600058295661ee) Importer(815301076,1909f56bfc062723c751e8b465ee728b)  -> (artifact id: 'c27b0c8019039780afd466ed66c15226') in 0.020166 seconds 
========================================================================
Received Import Request.
  Time since last request: 1.045782 seconds.
  path: Assets/Low Poly Modular Terrain Pack/Bonus_Assets/Prefabs/Clouds/Cloud_03.prefab
  artifactKey: Guid(8ec774c4def159e4dba49882bd591326) Importer(815301076,1909f56bfc062723c751e8b465ee728b)
Start importing Assets/Low Poly Modular Terrain Pack/Bonus_Assets/Prefabs/Clouds/Cloud_03.prefab using Guid(8ec774c4def159e4dba49882bd591326) Importer(815301076,1909f56bfc062723c751e8b465ee728b)  -> (artifact id: '371efe4ad2ff4e85391b9ac8fbd8a962') in 0.019439 seconds 
========================================================================
Received Import Request.
  Time since last request: 0.441232 seconds.
  path: Assets/Low Poly Modular Terrain Pack/Bonus_Assets/Prefabs/Clouds/Cloud_04.prefab
  artifactKey: Guid(bef19769e972d0741aec3902288fcc2e) Importer(815301076,1909f56bfc062723c751e8b465ee728b)
Start importing Assets/Low Poly Modular Terrain Pack/Bonus_Assets/Prefabs/Clouds/Cloud_04.prefab using Guid(bef19769e972d0741aec3902288fcc2e) Importer(815301076,1909f56bfc062723c751e8b465ee728b)  -> (artifact id: '90958e44bb0592ed1802b77cd0f066ea') in 0.018740 seconds 
========================================================================
Received Import Request.
  Time since last request: 4.235456 seconds.
  path: Assets/Low Poly Modular Terrain Pack/Terrain_Assets/Meshes/Terrain/U_Terrain_Data/U_Terrain_L_c_02.asset
  artifactKey: Guid(52284e42bdb830e438af4b1ed4072b6d) Importer(815301076,1909f56bfc062723c751e8b465ee728b)
Start importing Assets/Low Poly Modular Terrain Pack/Terrain_Assets/Meshes/Terrain/U_Terrain_Data/U_Terrain_L_c_02.asset using Guid(52284e42bdb830e438af4b1ed4072b6d) Importer(815301076,1909f56bfc062723c751e8b465ee728b)  -> (artifact id: '68290cbf73590fb99e050a5fcd121e44') in 0.162396 seconds 
========================================================================
Received Import Request.
  Time since last request: 8.344348 seconds.
  path: Assets/Low Poly Modular Terrain Pack/Terrain_Assets/Prefabs/River/MT/NoLOD
  artifactKey: Guid(63e7a440fa0fe684da6e209b585073a7) Importer(815301076,1909f56bfc062723c751e8b465ee728b)
Start importing Assets/Low Poly Modular Terrain Pack/Terrain_Assets/Prefabs/River/MT/NoLOD using Guid(63e7a440fa0fe684da6e209b585073a7) Importer(815301076,1909f56bfc062723c751e8b465ee728b)  -> (artifact id: '483a1a5335bf77f675d3b19666b2d183') in 0.010947 seconds 
========================================================================
Received Import Request.
  Time since last request: 2.997069 seconds.
  path: Assets/Low Poly Modular Terrain Pack/Terrain_Assets/Prefabs/River/MT/NoLOD/L/MT_River_End_L_a_01.prefab
  artifactKey: Guid(4cfbb2da7f8d0cd4faba19a429c10cdf) Importer(815301076,1909f56bfc062723c751e8b465ee728b)
Start importing Assets/Low Poly Modular Terrain Pack/Terrain_Assets/Prefabs/River/MT/NoLOD/L/MT_River_End_L_a_01.prefab using Guid(4cfbb2da7f8d0cd4faba19a429c10cdf) Importer(815301076,1909f56bfc062723c751e8b465ee728b)  -> (artifact id: '61a3ebb4038e338d040b52985b67536f') in 0.332308 seconds 
========================================================================
Received Import Request.
  Time since last request: 0.427588 seconds.
  path: Assets/Low Poly Modular Terrain Pack/Terrain_Assets/Prefabs/River/MT/NoLOD/L/MT_River_End_L_b_01.prefab
  artifactKey: Guid(34e18a5e033ef1948bad6171a3748949) Importer(815301076,1909f56bfc062723c751e8b465ee728b)
Start importing Assets/Low Poly Modular Terrain Pack/Terrain_Assets/Prefabs/River/MT/NoLOD/L/MT_River_End_L_b_01.prefab using Guid(34e18a5e033ef1948bad6171a3748949) Importer(815301076,1909f56bfc062723c751e8b465ee728b)  -> (artifact id: '2931089ce71edb825f78168b2bb06257') in 0.023984 seconds 
AssetImportWorkerClient::OnTransportError - code=2 error=End of file
